2026-03-24 16:29:47, MOVE, v:1, k:fup@quantos, mode:DOWN
2026-03-24 16:29:48, MOVE, v:1, k:fup@quantos, mode:PICK
2026-03-24 16:29:51, EXEC, v:1, k:fup@quantos, mode:FULL, rate:0, size:5
2026-03-24 16:31:44, EXEC, v:1, k:fup@quantos, mode:FULL, rate:0, size:8
2026-03-24 16:42:28, EXEC, v:1, k:fup@quantos, mode:FULL, rate:25, size:15
2026-03-24 16:42:29, EXEC, v:1, k:fup@quantos, mode:FULL, rate:25
2026-03-24 16:43:00, EXEC, v:1, k:fup@quantos, mode:FULL, rate:37, size:13
2026-03-24 16:43:29, EXEC, v:1, k:fup@quantos, mode:FULL, rate:37
2026-03-24 16:43:30, EXEC, v:1, k:fup@quantos, mode:FULL, rate:37
2026-03-24 16:45:47, EXEC, v:1, k:fup@quantos, mode:FULL, rate:37
2026-03-24 16:45:48, EXEC, v:1, k:fup@quantos, mode:FULL, rate:37
2026-03-24 16:45:48, EXEC, v:1, k:fup@quantos, mode:FULL, rate:37
2026-03-24 16:45:48, EXEC, v:1, k:fup@quantos, mode:FULL, rate:37
2026-03-24 16:45:52, EXEC, v:1, k:fup@quantos, mode:FULL, rate:37
2026-03-24 16:47:04, EXEC, v:1, k:fup@quantos, mode:FULL, rate:25, size:13
2026-03-24 16:47:05, EXEC, v:1, k:fup@quantos, mode:FULL, rate:25
2026-03-24 16:47:23, EXEC, v:1, k:fup@quantos, mode:FULL, rate:37, size:13
2026-03-24 16:47:34, EXEC, v:1, k:fup@quantos, mode:FULL, rate:37, size:13
2026-03-24 16:47:44, EXEC, v:1, k:fup@quantos, mode:FULL, rate:37, size:13
2026-03-24 16:47:46, EXEC, v:1, k:fup@quantos, mode:FULL, rate:37
2026-03-24 16:47:46, EXEC, v:1, k:fup@quantos, mode:FULL, rate:37
2026-03-24 16:47:47, EXEC, v:1, k:fup@quantos, mode:FULL, rate:37
2026-03-24 16:47:47, EXEC, v:1, k:fup@quantos, mode:FULL, rate:37
2026-03-24 16:50:10, EXEC, v:1, k:fup@quantos, mode:FULL, rate:37
2026-03-24 16:50:11, EXEC, v:1, k:fup@quantos, mode:FULL, rate:37
2026-03-24 16:50:11, EXEC, v:1, k:fup@quantos, mode:FULL, rate:37
2026-03-24 16:50:12, EXEC, v:1, k:fup@quantos, mode:FULL, rate:37
2026-03-24 16:50:12, EXEC, v:1, k:fup@quantos, mode:FULL, rate:37
2026-03-24 16:50:12, EXEC, v:1, k:fup@quantos, mode:FULL, rate:37
2026-03-24 16:50:13, EXEC, v:1, k:fup@quantos, mode:FULL, rate:37
2026-03-24 16:50:13, EXEC, v:1, k:fup@quantos, mode:FULL, rate:37
2026-03-24 16:50:13, EXEC, v:1, k:fup@quantos, mode:FULL, rate:37
2026-03-24 16:50:14, EXEC, v:1, k:fup@quantos, mode:FULL, rate:37
2026-03-24 16:50:14, EXEC, v:1, k:fup@quantos, mode:FULL, rate:37
2026-03-24 16:50:14, EXEC, v:1, k:fup@quantos, mode:FULL, rate:37
2026-03-24 16:50:15, EXEC, v:1, k:fup@quantos, mode:FULL, rate:37
2026-03-24 16:50:15, EXEC, v:1, k:fup@quantos, mode:FULL, rate:37
2026-03-24 16:50:22, EXEC, v:1, k:fup@quantos, mode:FULL, rate:37
2026-03-24 16:50:24, EXEC, v:1, k:fup@quantos, mode:FULL, rate:37, size:13
2026-03-24 16:51:02, EXEC, v:1, k:fup@quantos, mode:FULL, rate:25, size:13
2026-03-24 16:52:18, EXEC, v:1, k:fup@quantos, mode:FULL, rate:25
2026-03-24 16:54:14, EXEC, v:1, k:fup@quantos, mode:FULL, rate:37, size:13
2026-03-24 16:54:41, EXEC, v:1, k:fup@quantos, mode:FULL, rate:25, size:13
2026-03-24 16:54:42, EXEC, v:1, k:fup@quantos, mode:FULL, rate:25
2026-03-24 16:54:43, EXEC, v:1, k:fup@quantos, mode:FULL, rate:25
2026-03-24 16:54:43, EXEC, v:1, k:fup@quantos, mode:FULL, rate:25
2026-03-24 16:54:43, EXEC, v:1, k:fup@quantos, mode:FULL, rate:25
2026-03-24 16:54:44, EXEC, v:1, k:fup@quantos, mode:FULL, rate:25
2026-03-24 16:54:44, EXEC, v:1, k:fup@quantos, mode:FULL, rate:25
2026-03-24 16:54:44, EXEC, v:1, k:fup@quantos, mode:FULL, rate:25
2026-03-24 16:54:45, EXEC, v:1, k:fup@quantos, mode:FULL, rate:25
2026-03-24 16:54:45, EXEC, v:1, k:fup@quantos, mode:FULL, rate:25
2026-03-24 16:54:45, EXEC, v:1, k:fup@quantos, mode:FULL, rate:25
2026-03-24 16:57:49, EXEC, v:1, k:fup@quantos, mode:FULL, rate:25
2026-03-24 16:57:50, EXEC, v:1, k:fup@quantos, mode:FULL, rate:25
2026-03-24 16:57:50, EXEC, v:1, k:fup@quantos, mode:FULL, rate:25
2026-03-24 16:57:51, EXEC, v:1, k:fup@quantos, mode:FULL, rate:25
2026-03-24 16:57:51, EXEC, v:1, k:fup@quantos, mode:FULL, rate:25
2026-03-24 16:57:51, EXEC, v:1, k:fup@quantos, mode:FULL, rate:25
2026-03-24 16:57:52, EXEC, v:1, k:fup@quantos, mode:FULL, rate:25
2026-03-24 16:59:35, EXEC, v:1, k:fup@quantos, mode:FULL, rate:25
2026-03-24 16:59:36, EXEC, v:1, k:fup@quantos, mode:FULL, rate:25
2026-03-24 16:59:37, EXEC, v:1, k:fup@quantos, mode:FULL, rate:25
2026-03-24 16:59:37, EXEC, v:1, k:fup@quantos, mode:FULL, rate:25
2026-03-24 16:59:37, EXEC, v:1, k:fup@quantos, mode:FULL, rate:25
2026-03-24 16:59:38, EXEC, v:1, k:fup@quantos, mode:FULL, rate:25
2026-03-24 16:59:38, EXEC, v:1, k:fup@quantos, mode:FULL, rate:25
2026-03-24 16:59:38, EXEC, v:1, k:fup@quantos, mode:FULL, rate:25
2026-03-24 16:59:39, EXEC, v:1, k:fup@quantos, mode:FULL, rate:25
2026-03-24 16:59:39, EXEC, v:1, k:fup@quantos, mode:FULL, rate:25
2026-03-24 16:59:39, EXEC, v:1, k:fup@quantos, mode:FULL, rate:25
2026-03-24 17:00:47, EXEC, v:1, k:fup@quantos, mode:FULL, rate:37, size:13
2026-03-24 17:01:01, EXEC, v:1, k:fup@quantos, mode:FULL, rate:25, size:13
2026-03-24 17:01:02, EXEC, v:1, k:fup@quantos, mode:FULL, rate:25
2026-03-24 17:01:03, EXEC, v:1, k:fup@quantos, mode:FULL, rate:25
2026-03-24 17:01:03, EXEC, v:1, k:fup@quantos, mode:FULL, rate:25
2026-03-24 17:01:03, EXEC, v:1, k:fup@quantos, mode:FULL, rate:25
2026-03-24 17:01:04, EXEC, v:1, k:fup@quantos, mode:FULL, rate:25
2026-03-24 17:01:04, EXEC, v:1, k:fup@quantos, mode:FULL, rate:25
2026-03-24 17:01:04, EXEC, v:1, k:fup@quantos, mode:FULL, rate:25
2026-03-24 17:01:05, EXEC, v:1, k:fup@quantos, mode:FULL, rate:25
2026-03-24 17:01:05, EXEC, v:1, k:fup@quantos, mode:FULL, rate:25
2026-03-24 17:01:05, EXEC, v:1, k:fup@quantos, mode:FULL, rate:25
2026-03-24 17:01:06, EXEC, v:1, k:fup@quantos, mode:FULL, rate:25
2026-03-24 17:02:44, EXEC, v:1, k:fup@quantos, mode:FULL, rate:25
2026-03-24 17:02:44, EXEC, v:1, k:fup@quantos, mode:FULL, rate:25
2026-03-24 17:02:45, EXEC, v:1, k:fup@quantos, mode:FULL, rate:25
2026-03-24 17:02:45, EXEC, v:1, k:fup@quantos, mode:FULL, rate:25
2026-03-24 17:02:45, EXEC, v:1, k:fup@quantos, mode:FULL, rate:25
2026-03-24 17:02:47, EXEC, v:1, k:fup@quantos, mode:FULL, rate:25
2026-03-24 17:06:59, EXEC, v:1, k:fup@quantos, mode:FULL, rate:100, size:19
2026-03-24 17:07:47, MOVE, v:1, k:fup@quantos, mode:BACK
2026-03-24 17:08:17, SELF, v:1, k:fup@quantos, self:1, rate:100, study:37, concept:1, refactor:1
2026-03-24 17:08:30, MOVE, v:1, k:fup@impar, mode:DOWN
2026-03-24 17:08:31, MOVE, v:1, k:fup@impar, mode:PICK
2026-03-24 17:08:32, EXEC, v:1, k:fup@impar, mode:FULL, rate:0, size:5
