2026-03-16 16:51:57, MOVE, v:1, k:fup@segundos, mode:DOWN
2026-03-16 16:52:00, MOVE, v:1, k:fup@segundos, mode:PICK
2026-03-16 16:52:02, EXEC, v:1, k:fup@segundos, mode:FULL, rate:0, size:5
2026-03-16 17:00:23, EXEC, v:1, k:fup@segundos, mode:FULL, rate:100, size:7
2026-03-16 17:00:49, MOVE, v:1, k:fup@segundos, mode:BACK
2026-03-16 17:01:19, SELF, v:1, k:fup@segundos, self:1, rate:100, study:7, concept:1, refactor:1
2026-03-16 17:47:11, MOVE, v:1, k:fup@celsius, mode:DOWN
2026-03-16 17:47:12, MOVE, v:1, k:fup@celsius, mode:PICK
2026-03-16 17:47:14, EXEC, v:1, k:fup@celsius, mode:FULL, rate:0, size:5
2026-03-16 17:51:47, EXEC, v:1, k:fup@celsius, mode:FULL, rate:100, size:3
2026-03-16 17:52:03, MOVE, v:1, k:fup@celsius, mode:BACK
2026-03-16 17:52:26, SELF, v:1, k:fup@celsius, self:1, rate:100, study:8, friend:hanna, concept:1, refactor:1
2026-03-16 17:52:35, MOVE, v:1, k:fup@pintando, mode:DOWN
2026-03-16 18:00:46, MOVE, v:1, k:fup@pintando, mode:PICK
2026-03-16 18:00:47, EXEC, v:1, k:fup@pintando, mode:FULL, size:8, fail:COMP
2026-03-16 18:00:49, EXEC, v:1, k:fup@pintando, mode:FULL, fail:COMP
2026-03-16 18:00:50, EXEC, v:1, k:fup@pintando, mode:FULL, fail:COMP
2026-03-16 18:00:51, EXEC, v:1, k:fup@pintando, mode:FULL, fail:COMP
2026-03-16 18:00:51, EXEC, v:1, k:fup@pintando, mode:FULL, fail:COMP
2026-03-16 18:00:51, EXEC, v:1, k:fup@pintando, mode:FULL, fail:COMP
2026-03-16 18:00:52, EXEC, v:1, k:fup@pintando, mode:FULL, fail:COMP
2026-03-16 18:00:52, EXEC, v:1, k:fup@pintando, mode:FULL, fail:COMP
2026-03-16 18:01:38, EXEC, v:1, k:fup@pintando, mode:FULL, rate:100, size:11
2026-03-16 18:02:57, EXEC, v:1, k:fup@pintando, mode:FULL, rate:100
2026-03-16 18:03:00, MOVE, v:1, k:fup@pintando, mode:BACK
2026-03-16 18:03:55, SELF, v:1, k:fup@pintando, self:1, rate:100, study:8, concept:1, refactor:1
2026-03-16 18:05:41, MOVE, v:1, k:fup@bala, mode:DOWN
2026-03-16 18:05:42, MOVE, v:1, k:fup@bala, mode:PICK
2026-03-16 18:05:43, EXEC, v:1, k:fup@bala, mode:FULL, rate:0, size:5
2026-03-16 18:11:04, EXEC, v:1, k:fup@bala, mode:FULL, rate:100, size:8
2026-03-16 18:11:13, MOVE, v:1, k:fup@bala, mode:BACK
2026-03-16 18:11:14, MOVE, v:1, k:fup@bala, mode:PICK
2026-03-16 18:11:16, EXEC, v:1, k:fup@bala, mode:FULL, rate:100
2026-03-16 18:11:18, MOVE, v:1, k:fup@bala, mode:BACK
2026-03-16 18:11:27, MOVE, v:1, k:fup@bala, mode:PICK
2026-03-16 18:11:28, EXEC, v:1, k:fup@bala, mode:FULL, rate:100
2026-03-16 18:11:29, EXEC, v:1, k:fup@bala, mode:FULL, rate:100
2026-03-16 18:11:29, MOVE, v:1, k:fup@bala, mode:BACK
2026-03-16 18:11:41, SELF, v:1, k:fup@bala, self:1, rate:100, study:5, concept:1, refactor:1
