2026-04-06 15:58:10, MOVE, v:1, k:fup@data, mode:DOWN
2026-04-06 15:58:10, MOVE, v:1, k:fup@data, mode:PICK
2026-04-06 15:58:13, EXEC, v:1, k:fup@data, mode:FULL, rate:0, size:5
2026-04-06 15:58:14, EXEC, v:1, k:fup@data, mode:FULL, rate:0, size:5
2026-04-06 16:12:14, EXEC, v:1, k:fup@data, mode:FULL, rate:0, size:12
2026-04-06 16:12:15, EXEC, v:1, k:fup@data, mode:FULL, rate:0
2026-04-06 16:12:16, EXEC, v:1, k:fup@data, mode:FULL, rate:0
2026-04-06 16:12:31, EXEC, v:1, k:fup@data, mode:FULL, rate:0
2026-04-06 16:12:32, EXEC, v:1, k:fup@data, mode:FULL, rate:0
2026-04-06 16:13:05, EXEC, v:1, k:fup@data, mode:FULL, rate:0, size:12
2026-04-06 16:13:06, EXEC, v:1, k:fup@data, mode:FULL, rate:0
2026-04-06 16:13:10, EXEC, v:1, k:fup@data, mode:FULL, rate:0, size:12
2026-04-06 16:13:15, EXEC, v:1, k:fup@data, mode:FULL, rate:0, size:12
2026-04-06 16:13:43, EXEC, v:1, k:fup@data, mode:FULL, rate:100, size:12
2026-04-06 16:17:25, MOVE, v:1, k:fup@data, mode:BACK
2026-04-06 16:17:52, SELF, v:1, k:fup@data, self:1, rate:100, study:20, concept:1
2026-04-06 16:25:31, MOVE, v:1, k:fup@opala, mode:DOWN
2026-04-06 16:25:32, MOVE, v:1, k:fup@opala, mode:PICK
2026-04-06 16:25:32, EXEC, v:1, k:fup@opala, mode:FULL, rate:0, size:5
2026-04-06 16:52:44, EXEC, v:1, k:fup@opala, mode:FULL, rate:100, size:12
2026-04-06 16:52:54, MOVE, v:1, k:fup@opala, mode:BACK
2026-04-06 16:52:57, MOVE, v:1, k:fup@opala, mode:PICK
2026-04-06 16:52:58, MOVE, v:1, k:fup@opala, mode:BACK
2026-04-06 16:53:03, MOVE, v:1, k:fup@opala, mode:PICK
2026-04-06 16:53:03, MOVE, v:1, k:fup@opala, mode:BACK
2026-04-06 16:53:20, SELF, v:1, k:fup@opala, self:1, rate:100, study:30, concept:1
2026-04-06 16:53:44, MOVE, v:1, k:fup@tv, mode:DOWN
2026-04-06 16:53:45, MOVE, v:1, k:fup@tv, mode:PICK
2026-04-06 16:53:46, EXEC, v:1, k:fup@tv, mode:FULL, rate:0, size:5
2026-04-06 16:57:32, MOVE, v:1, k:fup@tv, mode:BACK
2026-04-06 16:58:18, MOVE, v:1, k:fup@tv, mode:PICK
2026-04-06 16:58:20, EXEC, v:1, k:fup@tv, mode:FULL, rate:100, size:13
2026-04-06 16:59:32, MOVE, v:1, k:fup@tv, mode:BACK
2026-04-06 17:08:59, MOVE, v:1, k:fup@loop_i, mode:DOWN
2026-04-06 17:08:59, MOVE, v:1, k:fup@loop_i, mode:PICK
2026-04-06 17:09:00, EXEC, v:1, k:fup@loop_i, mode:FULL, rate:0, size:5
2026-04-06 17:12:55, EXEC, v:1, k:fup@loop_i, mode:FULL, size:12, fail:COMP
2026-04-06 17:13:35, EXEC, v:1, k:fup@loop_i, mode:FULL, rate:0, size:14
2026-04-06 17:13:36, EXEC, v:1, k:fup@loop_i, mode:FULL, rate:0
2026-04-06 17:14:07, EXEC, v:1, k:fup@loop_i, mode:FULL, rate:100, size:10
2026-04-06 17:14:12, MOVE, v:1, k:fup@loop_i, mode:BACK
2026-04-06 17:14:13, MOVE, v:1, k:fup@loop_i, mode:PICK
2026-04-06 17:14:14, MOVE, v:1, k:fup@loop_i, mode:BACK
2026-04-06 17:14:21, SELF, v:1, k:fup@loop_i, self:1, rate:100, study:5
