2026-03-23 16:52:41, MOVE, v:1, k:fup@multiplo, mode:PICK
2026-03-23 16:52:42, EXEC, v:1, k:fup@multiplo, mode:FULL, size:11, fail:COMP
2026-03-23 16:52:43, EXEC, v:1, k:fup@multiplo, mode:FULL, fail:COMP
2026-03-23 16:56:37, EXEC, v:1, k:fup@multiplo, mode:FULL, rate:0, size:11
2026-03-23 16:59:23, EXEC, v:1, k:fup@multiplo, mode:FULL, rate:100, size:11
2026-03-23 17:00:27, MOVE, v:1, k:fup@multiplo, mode:BACK
2026-03-23 17:00:55, SELF, v:1, k:fup@multiplo, self:1, rate:100, study:44, friend:Denilson, concept:1, refactor:1
2026-03-23 17:01:08, MOVE, v:1, k:fup@guarda, mode:DOWN
2026-03-23 17:01:09, MOVE, v:1, k:fup@guarda, mode:PICK
2026-03-23 17:01:10, EXEC, v:1, k:fup@guarda, mode:FULL, rate:0, size:5
2026-03-23 17:08:41, EXEC, v:1, k:fup@guarda, mode:FULL, rate:0, size:6
2026-03-23 17:09:09, EXEC, v:1, k:fup@guarda, mode:FULL, rate:0, size:6
2026-03-23 17:09:35, EXEC, v:1, k:fup@guarda, mode:FULL, rate:0, size:6
2026-03-23 17:10:29, EXEC, v:1, k:fup@guarda, mode:FULL, rate:0, size:6
2026-03-23 17:14:54, EXEC, v:1, k:fup@guarda, mode:FULL, size:11, fail:COMP
2026-03-23 17:23:43, EXEC, v:1, k:fup@guarda, mode:FULL, rate:85, size:16
2026-03-23 17:23:44, EXEC, v:1, k:fup@guarda, mode:FULL, rate:85
2026-03-23 17:23:47, EXEC, v:1, k:fup@guarda, mode:FULL, rate:85
2026-03-23 17:23:48, EXEC, v:1, k:fup@guarda, mode:FULL, rate:85
2026-03-23 17:23:56, EXEC, v:1, k:fup@guarda, mode:FULL, rate:85
2026-03-23 17:23:58, EXEC, v:1, k:fup@guarda, mode:FULL, rate:85
2026-03-23 17:23:59, EXEC, v:1, k:fup@guarda, mode:FULL, rate:85
2026-03-23 17:24:00, EXEC, v:1, k:fup@guarda, mode:FULL, rate:85
2026-03-23 17:24:00, EXEC, v:1, k:fup@guarda, mode:FULL, rate:85
2026-03-23 17:24:36, EXEC, v:1, k:fup@guarda, mode:FULL, rate:85
2026-03-23 17:24:36, EXEC, v:1, k:fup@guarda, mode:FULL, rate:85
2026-03-23 17:24:36, EXEC, v:1, k:fup@guarda, mode:FULL, rate:85
2026-03-23 17:24:37, EXEC, v:1, k:fup@guarda, mode:FULL, rate:85
2026-03-23 17:24:37, EXEC, v:1, k:fup@guarda, mode:FULL, rate:85
2026-03-23 17:24:37, EXEC, v:1, k:fup@guarda, mode:FULL, rate:85
2026-03-23 17:24:38, EXEC, v:1, k:fup@guarda, mode:FULL, rate:85
2026-03-23 17:24:38, EXEC, v:1, k:fup@guarda, mode:FULL, rate:85
2026-03-23 17:25:18, EXEC, v:1, k:fup@guarda, mode:FULL, rate:85, size:16
2026-03-23 17:25:31, EXEC, v:1, k:fup@guarda, mode:FULL, rate:85
2026-03-23 17:28:14, EXEC, v:1, k:fup@guarda, mode:FULL, rate:85, size:16
2026-03-23 17:28:28, MOVE, v:1, k:fup@guarda, mode:BACK
2026-03-23 17:28:34, MOVE, v:1, k:fup@guarda, mode:PICK
2026-03-23 17:28:36, EXEC, v:1, k:fup@guarda, mode:FULL, rate:85
2026-03-23 17:28:44, EXEC, v:1, k:fup@guarda, mode:FULL, rate:85
2026-03-23 17:28:45, EXEC, v:1, k:fup@guarda, mode:FULL, rate:85
2026-03-23 17:28:45, EXEC, v:1, k:fup@guarda, mode:FULL, rate:85
2026-03-23 17:28:45, EXEC, v:1, k:fup@guarda, mode:FULL, rate:85
2026-03-23 17:28:45, EXEC, v:1, k:fup@guarda, mode:FULL, rate:85
2026-03-23 17:28:46, EXEC, v:1, k:fup@guarda, mode:FULL, rate:85
2026-03-23 17:28:46, EXEC, v:1, k:fup@guarda, mode:FULL, rate:85
2026-03-23 17:31:12, EXEC, v:1, k:fup@guarda, mode:FULL, rate:85, size:19
2026-03-23 17:32:40, EXEC, v:1, k:fup@guarda, mode:FULL, size:19, fail:COMP
2026-03-23 17:35:30, EXEC, v:1, k:fup@guarda, mode:FULL, size:16, fail:COMP
2026-03-23 17:36:36, EXEC, v:1, k:fup@guarda, mode:FULL, rate:42, size:16
2026-03-23 17:36:38, EXEC, v:1, k:fup@guarda, mode:FULL, rate:42
2026-03-23 17:38:29, EXEC, v:1, k:fup@guarda, mode:FULL, rate:42, size:20
2026-03-23 17:38:30, EXEC, v:1, k:fup@guarda, mode:FULL, rate:42
2026-03-23 17:39:24, EXEC, v:1, k:fup@guarda, mode:FULL, rate:42, size:20
2026-03-23 17:40:05, EXEC, v:1, k:fup@guarda, mode:FULL, rate:85, size:19
2026-03-23 17:40:46, EXEC, v:1, k:fup@guarda, mode:FULL, rate:85, size:19
2026-03-23 17:41:32, EXEC, v:1, k:fup@guarda, mode:FULL, rate:71, size:19
2026-03-23 17:41:33, EXEC, v:1, k:fup@guarda, mode:FULL, rate:71
2026-03-23 17:41:42, EXEC, v:1, k:fup@guarda, mode:FULL, rate:85, size:19
2026-03-23 17:42:05, EXEC, v:1, k:fup@guarda, mode:FULL, rate:85, size:19
2026-03-23 17:42:44, EXEC, v:1, k:fup@guarda, mode:FULL, rate:100, size:19
2026-03-23 17:43:23, MOVE, v:1, k:fup@guarda, mode:BACK
2026-03-23 17:43:50, SELF, v:1, k:fup@guarda, self:1, rate:100, study:42, concept:1, refactor:1
2026-03-23 17:44:19, MOVE, v:1, k:fup@calc, mode:DOWN
2026-03-23 17:44:20, MOVE, v:1, k:fup@calc, mode:PICK
2026-03-23 17:44:21, EXEC, v:1, k:fup@calc, mode:FULL, rate:0, size:5
2026-03-23 18:02:19, EXEC, v:1, k:fup@calc, mode:FULL, size:18, fail:COMP
2026-03-23 18:04:29, EXEC, v:1, k:fup@calc, mode:FULL, size:18, fail:COMP
2026-03-23 18:05:04, EXEC, v:1, k:fup@calc, mode:FULL, rate:100, size:18
2026-03-23 18:06:36, MOVE, v:1, k:fup@calc, mode:BACK
2026-03-23 18:07:10, SELF, v:1, k:fup@calc, self:1, rate:100, study:22, friend: Denilson, concept:1, refactor:1
