2026-04-07 17:03:21, MOVE, v:1, k:fup@loop_ii, mode:DOWN
2026-04-07 17:03:22, MOVE, v:1, k:fup@loop_ii, mode:PICK
2026-04-07 17:03:23, EXEC, v:1, k:fup@loop_ii, mode:FULL, rate:0, size:5
2026-04-07 17:47:36, EXEC, v:1, k:fup@loop_ii, mode:FULL, rate:0, size:11
2026-04-07 17:47:37, EXEC, v:1, k:fup@loop_ii, mode:FULL, rate:0
2026-04-07 17:47:41, EXEC, v:1, k:fup@loop_ii, mode:FULL, rate:0, size:11
2026-04-07 17:47:43, EXEC, v:1, k:fup@loop_ii, mode:FULL, rate:0
2026-04-07 17:48:09, EXEC, v:1, k:fup@loop_ii, mode:FULL, rate:0, size:11
2026-04-07 17:48:10, EXEC, v:1, k:fup@loop_ii, mode:FULL, rate:0, size:11
2026-04-07 17:48:15, EXEC, v:1, k:fup@loop_ii, mode:FULL, rate:0, size:11
2026-04-07 17:48:27, EXEC, v:1, k:fup@loop_ii, mode:FULL, rate:0
2026-04-07 17:48:29, EXEC, v:1, k:fup@loop_ii, mode:FULL, rate:0
2026-04-07 17:48:29, EXEC, v:1, k:fup@loop_ii, mode:FULL, rate:0
2026-04-07 17:48:30, EXEC, v:1, k:fup@loop_ii, mode:FREE
2026-04-07 17:49:08, EXEC, v:1, k:fup@loop_ii, mode:FULL, rate:0
2026-04-07 17:49:08, EXEC, v:1, k:fup@loop_ii, mode:FULL, rate:0
2026-04-07 17:49:08, EXEC, v:1, k:fup@loop_ii, mode:FULL, rate:0
2026-04-07 17:49:09, EXEC, v:1, k:fup@loop_ii, mode:FULL, rate:0
2026-04-07 17:49:09, EXEC, v:1, k:fup@loop_ii, mode:FULL, rate:0
2026-04-07 17:49:43, EXEC, v:1, k:fup@loop_ii, mode:FULL, rate:0, size:11
2026-04-07 17:49:48, EXEC, v:1, k:fup@loop_ii, mode:FULL, rate:0
2026-04-07 17:49:48, EXEC, v:1, k:fup@loop_ii, mode:FULL, rate:0, size:11
2026-04-07 17:49:53, EXEC, v:1, k:fup@loop_ii, mode:FULL, rate:0, size:11
2026-04-07 17:50:36, EXEC, v:1, k:fup@loop_ii, mode:FULL, rate:100, size:15
2026-04-07 17:58:57, EXEC, v:1, k:fup@loop_ii, mode:FREE
2026-04-07 17:59:21, EXEC, v:1, k:fup@loop_ii, mode:FULL, rate:100
2026-04-07 17:59:22, EXEC, v:1, k:fup@loop_ii, mode:FULL, rate:100
2026-04-07 17:59:22, MOVE, v:1, k:fup@loop_ii, mode:BACK
2026-04-07 18:00:04, SELF, v:1, k:fup@loop_ii, self:1, rate:100, study:56, concept:1
2026-04-07 18:00:18, MOVE, v:1, k:fup@loop_iii, mode:DOWN
2026-04-07 18:00:19, MOVE, v:1, k:fup@loop_iii, mode:PICK
2026-04-07 18:00:20, EXEC, v:1, k:fup@loop_iii, mode:FULL, rate:0, size:5
2026-04-07 18:07:55, EXEC, v:1, k:fup@loop_iii, mode:FULL, rate:0, size:15
2026-04-07 18:07:56, EXEC, v:1, k:fup@loop_iii, mode:FULL, rate:0
2026-04-07 18:08:49, EXEC, v:1, k:fup@loop_iii, mode:FULL, size:15, fail:COMP
2026-04-07 18:08:50, EXEC, v:1, k:fup@loop_iii, mode:FULL, fail:COMP
2026-04-07 18:09:36, EXEC, v:1, k:fup@loop_iii, mode:FULL, rate:0, size:15
2026-04-07 18:09:38, EXEC, v:1, k:fup@loop_iii, mode:FULL, rate:0
2026-04-07 18:09:39, EXEC, v:1, k:fup@loop_iii, mode:FULL, rate:0
2026-04-07 18:09:40, EXEC, v:1, k:fup@loop_iii, mode:FULL, rate:0
2026-04-07 18:09:42, EXEC, v:1, k:fup@loop_iii, mode:FULL, rate:0
2026-04-07 18:09:42, MOVE, v:1, k:fup@loop_iii, mode:BACK
2026-04-07 18:09:43, MOVE, v:1, k:fup@loop_iii, mode:PICK
2026-04-07 18:09:45, EXEC, v:1, k:fup@loop_iii, mode:FULL, rate:0
2026-04-07 18:09:46, EXEC, v:1, k:fup@loop_iii, mode:FULL, rate:0
2026-04-07 18:09:52, EXEC, v:1, k:fup@loop_iii, mode:FULL, rate:0
2026-04-07 18:09:53, EXEC, v:1, k:fup@loop_iii, mode:FULL, rate:0
2026-04-07 18:09:54, EXEC, v:1, k:fup@loop_iii, mode:FULL, rate:0
2026-04-07 18:09:56, EXEC, v:1, k:fup@loop_iii, mode:FULL, rate:0
2026-04-07 18:11:33, EXEC, v:1, k:fup@loop_iii, mode:FULL, rate:0, size:15
2026-04-07 18:11:35, EXEC, v:1, k:fup@loop_iii, mode:FULL, rate:0
2026-04-07 18:11:39, EXEC, v:1, k:fup@loop_iii, mode:FULL, rate:0, size:15
2026-04-07 18:12:20, EXEC, v:1, k:fup@loop_iii, mode:FULL, rate:0, size:15
2026-04-07 18:12:21, EXEC, v:1, k:fup@loop_iii, mode:FULL, rate:0
2026-04-07 18:12:25, EXEC, v:1, k:fup@loop_iii, mode:FULL, rate:0, size:15
2026-04-07 18:12:26, EXEC, v:1, k:fup@loop_iii, mode:FULL, rate:100
2026-04-07 18:12:40, EXEC, v:1, k:fup@loop_iii, mode:FULL, rate:100, size:15
2026-04-07 18:12:43, MOVE, v:1, k:fup@loop_iii, mode:BACK
2026-04-07 18:12:55, SELF, v:1, k:fup@loop_iii, self:1, rate:100, study:12, concept:1
2026-04-07 18:12:56, MOVE, v:1, k:fup@loop_iii, mode:PICK
2026-04-07 18:12:59, MOVE, v:1, k:fup@loop_iii, mode:BACK
2026-04-07 18:13:11, MOVE, v:1, k:fup@loop_iv, mode:DOWN
2026-04-07 18:13:12, MOVE, v:1, k:fup@loop_iv, mode:PICK
2026-04-07 18:13:13, EXEC, v:1, k:fup@loop_iv, mode:FULL, rate:0, size:5
2026-04-07 18:14:17, EXEC, v:1, k:fup@loop_iv, mode:FULL, rate:50, size:15
2026-04-07 18:14:18, EXEC, v:1, k:fup@loop_iv, mode:FULL, rate:50
2026-04-07 18:14:23, EXEC, v:1, k:fup@loop_iv, mode:FULL, rate:0, size:15
2026-04-07 18:14:24, EXEC, v:1, k:fup@loop_iv, mode:FULL, rate:0
2026-04-07 18:14:25, EXEC, v:1, k:fup@loop_iv, mode:FULL, rate:0
2026-04-07 18:14:25, EXEC, v:1, k:fup@loop_iv, mode:FULL, rate:0
2026-04-07 18:14:25, EXEC, v:1, k:fup@loop_iv, mode:FULL, rate:0
2026-04-07 18:14:29, EXEC, v:1, k:fup@loop_iv, mode:FULL, rate:0, size:15
2026-04-07 18:14:30, EXEC, v:1, k:fup@loop_iv, mode:FULL, rate:0
2026-04-07 18:14:57, EXEC, v:1, k:fup@loop_iv, mode:FULL, size:15, fail:COMP
2026-04-07 18:15:31, EXEC, v:1, k:fup@loop_iv, mode:FULL, rate:0, size:15
2026-04-07 18:15:32, EXEC, v:1, k:fup@loop_iv, mode:FULL, rate:0
2026-04-07 18:15:37, EXEC, v:1, k:fup@loop_iv, mode:FULL, rate:0, size:15
