2026-03-17 22:04:29, MOVE, v:1, k:fup@abs, mode:DOWN
2026-03-17 22:04:30, MOVE, v:1, k:fup@abs, mode:PICK
2026-03-17 22:04:40, EXEC, v:1, k:fup@abs, mode:FULL, rate:0, size:5
2026-03-17 22:10:39, EXEC, v:1, k:fup@abs, mode:FULL, rate:0, size:13
2026-03-17 22:17:12, EXEC, v:1, k:fup@abs, mode:FULL, size:16, fail:COMP
2026-03-17 22:17:53, EXEC, v:1, k:fup@abs, mode:FULL, rate:100, size:20
2026-03-17 22:27:26, MOVE, v:1, k:fup@abs, mode:BACK
2026-03-17 22:27:33, MOVE, v:1, k:fup@abs, mode:PICK
2026-03-17 22:27:35, MOVE, v:1, k:fup@abs, mode:BACK
2026-03-17 22:28:15, SELF, v:1, k:fup@abs, self:1, rate:100, study:22, concept:1, problem:1, refactor:1
2026-03-17 22:28:40, MOVE, v:1, k:fup@max, mode:DOWN
2026-03-17 22:28:41, MOVE, v:1, k:fup@max, mode:PICK
2026-03-17 22:28:43, EXEC, v:1, k:fup@max, mode:FULL, rate:0, size:5
2026-03-17 23:00:13, EXEC, v:1, k:fup@max, mode:FULL, rate:75, size:12
2026-03-17 23:09:37, EXEC, v:1, k:fup@max, mode:FULL, size:14, fail:COMP
2026-03-17 23:10:40, EXEC, v:1, k:fup@max, mode:FULL, rate:75, size:14
2026-03-17 23:10:41, EXEC, v:1, k:fup@max, mode:FULL, rate:75
2026-03-17 23:12:06, EXEC, v:1, k:fup@max, mode:FULL, rate:75
2026-03-17 23:12:07, EXEC, v:1, k:fup@max, mode:FULL, rate:75
2026-03-17 23:13:10, EXEC, v:1, k:fup@max, mode:FULL, size:13, fail:COMP
2026-03-17 23:13:59, EXEC, v:1, k:fup@max, mode:FULL, rate:75, size:16
2026-03-17 23:14:13, EXEC, v:1, k:fup@max, mode:FULL, rate:100, size:17
2026-03-17 23:14:30, MOVE, v:1, k:fup@max, mode:BACK
2026-03-17 23:14:53, SELF, v:1, k:fup@max, self:1, rate:100, study:45, concept:1, refactor:1
2026-03-17 23:18:11, MOVE, v:1, k:fup@ou, mode:DOWN
2026-03-17 23:18:13, MOVE, v:1, k:fup@ou, mode:PICK
2026-03-17 23:18:14, EXEC, v:1, k:fup@ou, mode:FULL, rate:0, size:5
2026-03-17 23:25:10, EXEC, v:1, k:fup@ou, mode:FULL, rate:100, size:14
2026-03-17 23:26:40, MOVE, v:1, k:fup@ou, mode:BACK
2026-03-17 23:27:09, MOVE, v:1, k:fup@ou, mode:PICK
2026-03-17 23:27:10, EXEC, v:1, k:fup@ou, mode:FULL, rate:100
2026-03-17 23:27:12, MOVE, v:1, k:fup@ou, mode:BACK
2026-03-17 23:27:26, SELF, v:1, k:fup@ou, self:1, rate:100, study:8, concept:1, refactor:1
2026-03-17 23:30:02, MOVE, v:1, k:fup@positivo, mode:DOWN
2026-03-17 23:30:03, MOVE, v:1, k:fup@positivo, mode:PICK
2026-03-17 23:30:04, EXEC, v:1, k:fup@positivo, mode:FULL, rate:0, size:5
2026-03-17 23:40:41, EXEC, v:1, k:fup@positivo, mode:FULL, size:14, fail:COMP
2026-03-17 23:41:33, EXEC, v:1, k:fup@positivo, mode:FULL, rate:60, size:17
2026-03-17 23:41:58, EXEC, v:1, k:fup@positivo, mode:FULL, rate:40, size:17
2026-03-17 23:42:15, EXEC, v:1, k:fup@positivo, mode:FULL, rate:40, size:11
2026-03-17 23:43:32, EXEC, v:1, k:fup@positivo, mode:FULL, rate:100, size:13
2026-03-17 23:43:41, MOVE, v:1, k:fup@positivo, mode:BACK
2026-03-17 23:43:57, SELF, v:1, k:fup@positivo, self:1, rate:100, study:13, concept:1
