2026-05-05 17:17:15, MOVE, v:1, k:fup@xuxa, mode:PICK
2026-05-05 17:17:18, EXEC, v:1, k:fup@xuxa, mode:FULL, rate:0, size:17
2026-05-05 17:17:20, EXEC, v:1, k:fup@xuxa, mode:FULL, rate:0
2026-05-05 17:17:21, EXEC, v:1, k:fup@xuxa, mode:FULL, rate:0
2026-05-05 17:17:28, EXEC, v:1, k:fup@xuxa, mode:FULL, rate:0
2026-05-05 17:17:29, EXEC, v:1, k:fup@xuxa, mode:FULL, rate:0
2026-05-05 17:17:40, EXEC, v:1, k:fup@xuxa, mode:FULL, rate:0
2026-05-05 17:17:40, EXEC, v:1, k:fup@xuxa, mode:FULL, rate:0
2026-05-05 17:17:40, EXEC, v:1, k:fup@xuxa, mode:FULL, rate:0
2026-05-05 17:17:40, EXEC, v:1, k:fup@xuxa, mode:FULL, rate:0
2026-05-05 17:17:41, EXEC, v:1, k:fup@xuxa, mode:FULL, rate:0
2026-05-05 17:17:42, EXEC, v:1, k:fup@xuxa, mode:FULL, rate:0
2026-05-05 17:19:20, EXEC, v:1, k:fup@xuxa, mode:FULL, rate:100, size:19
2026-05-05 17:19:24, MOVE, v:1, k:fup@xuxa, mode:BACK
2026-05-05 17:22:57, MOVE, v:1, k:fup@loop_iv, mode:PICK
2026-05-05 17:22:58, EXEC, v:1, k:fup@loop_iv, mode:FULL, rate:100
2026-05-05 17:23:00, EXEC, v:1, k:fup@loop_iv, mode:FULL, rate:100
2026-05-05 17:23:01, EXEC, v:1, k:fup@loop_iv, mode:FULL, rate:100
2026-05-05 17:23:22, MOVE, v:1, k:fup@loop_iv, mode:BACK
2026-05-05 17:23:38, SELF, v:1, k:fup@loop_iv, self:1, rate:100, concept:1
2026-05-05 17:23:41, MOVE, v:1, k:fup@loop_v, mode:DOWN
2026-05-05 17:23:42, MOVE, v:1, k:fup@loop_v, mode:PICK
2026-05-05 17:23:43, EXEC, v:1, k:fup@loop_v, mode:FULL, rate:0, size:5
2026-05-05 17:23:01, MOVE, v:1, k:fup@loop_iv, mode:EDIT
2026-05-05 17:23:41, MOVE, v:1, k:fup@loop_v, mode:EDIT
2026-05-05 17:23:41, MOVE, v:1, k:fup@loop_v, mode:EDIT
2026-05-05 17:23:43, MOVE, v:1, k:fup@loop_v, mode:EDIT
2026-05-05 17:25:19, MOVE, v:1, k:fup@loop_v, mode:EDIT
2026-05-05 17:32:48, MOVE, v:1, k:fup@loop_v, mode:EDIT
2026-05-05 17:33:26, MOVE, v:1, k:fup@loop_v, mode:EDIT
2026-05-05 17:42:47, MOVE, v:1, k:fup@loop_v, mode:EDIT
2026-05-05 17:47:26, EXEC, v:1, k:fup@loop_v, mode:FULL, rate:0, size:16
2026-05-05 17:47:28, EXEC, v:1, k:fup@loop_v, mode:FULL, rate:0
2026-05-05 17:47:50, MOVE, v:1, k:fup@loop_v, mode:EDIT
2026-05-05 17:47:27, MOVE, v:1, k:fup@loop_v, mode:EDIT
2026-05-05 17:47:54, EXEC, v:1, k:fup@loop_v, mode:FULL, rate:0, size:16
2026-05-05 17:49:19, EXEC, v:1, k:fup@loop_v, mode:FULL, rate:0, size:17
2026-05-05 17:49:30, EXEC, v:1, k:fup@loop_v, mode:FULL, rate:0, size:17
2026-05-05 17:50:10, EXEC, v:1, k:fup@loop_v, mode:FULL, rate:66, size:18
2026-05-05 17:50:16, EXEC, v:1, k:fup@loop_v, mode:FULL, rate:0, size:18
2026-05-05 17:50:18, EXEC, v:1, k:fup@loop_v, mode:FREE
2026-05-05 17:50:36, MOVE, v:1, k:fup@loop_v, mode:PICK
2026-05-05 17:50:38, EXEC, v:1, k:fup@loop_v, mode:FULL, rate:66, size:18
2026-05-05 17:50:40, EXEC, v:1, k:fup@loop_v, mode:FULL, rate:66
2026-05-05 17:52:20, EXEC, v:1, k:fup@loop_v, mode:FULL, rate:66, size:18
2026-05-05 17:52:23, EXEC, v:1, k:fup@loop_v, mode:FREE
2026-05-05 17:53:15, EXEC, v:1, k:fup@loop_v, mode:FULL, rate:0, size:18
2026-05-05 17:53:28, EXEC, v:1, k:fup@loop_v, mode:FULL, rate:66, size:18
2026-05-05 17:55:10, EXEC, v:1, k:fup@loop_v, mode:FREE, size:19
2026-05-05 17:55:10, MOVE, v:1, k:fup@loop_v, mode:EDIT
2026-05-05 17:55:08, MOVE, v:1, k:fup@loop_v, mode:EDIT
2026-05-05 17:56:37, EXEC, v:1, k:fup@loop_v, mode:FULL, rate:100, size:19
2026-05-05 17:56:52, MOVE, v:1, k:fup@loop_v, mode:BACK
2026-05-05 17:57:18, SELF, v:1, k:fup@loop_v, self:1, rate:100, study:26, friend:Daniel, concept:1, refactor:1
2026-05-05 17:57:23, MOVE, v:1, k:fup@pares, mode:DOWN
2026-05-05 17:57:23, MOVE, v:1, k:fup@pares, mode:PICK
2026-05-05 17:57:24, EXEC, v:1, k:fup@pares, mode:FULL, rate:0, size:5
2026-05-05 17:57:26, EXEC, v:1, k:fup@pares, mode:FULL, rate:0
2026-05-05 17:56:25, MOVE, v:1, k:fup@loop_v, mode:EDIT
2026-05-05 17:56:37, MOVE, v:1, k:fup@loop_v, mode:EDIT
2026-05-05 17:57:23, MOVE, v:1, k:fup@pares, mode:EDIT
2026-05-05 17:57:23, MOVE, v:1, k:fup@pares, mode:EDIT
2026-05-05 18:00:36, MOVE, v:1, k:fup@pares, mode:EDIT
2026-05-05 17:57:26, MOVE, v:1, k:fup@pares, mode:EDIT
2026-05-05 18:02:20, EXEC, v:1, k:fup@pares, mode:FULL, rate:100, size:17
2026-05-05 18:02:22, EXEC, v:1, k:fup@pares, mode:FULL, rate:100
2026-05-05 18:02:23, MOVE, v:1, k:fup@pares, mode:BACK
2026-05-05 18:02:36, MOVE, v:1, k:fup@pares, mode:PICK
2026-05-05 18:02:37, EXEC, v:1, k:fup@pares, mode:FULL, rate:100
2026-05-05 18:02:38, MOVE, v:1, k:fup@pares, mode:BACK
2026-05-05 18:02:55, MOVE, v:1, k:fup@sapatos, mode:DOWN
2026-05-05 18:02:56, MOVE, v:1, k:fup@sapatos, mode:PICK
2026-05-05 18:02:57, EXEC, v:1, k:fup@sapatos, mode:FULL, rate:0, size:5
2026-05-05 18:04:37, EXEC, v:1, k:fup@sapatos, mode:FULL, size:16, fail:COMP
2026-05-05 18:04:49, EXEC, v:1, k:fup@sapatos, mode:FULL, rate:0, size:17
2026-05-05 18:01:36, MOVE, v:1, k:fup@pares, mode:EDIT
2026-05-05 18:02:37, MOVE, v:1, k:fup@pares, mode:EDIT
2026-05-05 18:02:55, MOVE, v:1, k:fup@sapatos, mode:EDIT
2026-05-05 18:02:55, MOVE, v:1, k:fup@sapatos, mode:EDIT
2026-05-05 18:04:49, MOVE, v:1, k:fup@sapatos, mode:EDIT
2026-05-05 18:04:55, MOVE, v:1, k:fup@sapatos, mode:EDIT
2026-05-05 18:07:56, EXEC, v:1, k:fup@sapatos, mode:FULL, rate:100, size:17
2026-05-05 18:07:59, EXEC, v:1, k:fup@sapatos, mode:FULL, rate:100
2026-05-05 18:08:03, EXEC, v:1, k:fup@sapatos, mode:FULL, rate:100
2026-05-05 18:08:04, EXEC, v:1, k:fup@sapatos, mode:FULL, rate:100
2026-05-05 18:08:04, MOVE, v:1, k:fup@sapatos, mode:BACK
2026-05-05 18:08:24, MOVE, v:1, k:fup@filhos, mode:DOWN
2026-05-05 18:08:25, MOVE, v:1, k:fup@filhos, mode:PICK
2026-05-05 18:08:26, EXEC, v:1, k:fup@filhos, mode:FULL, rate:0, size:5
2026-05-05 18:07:52, MOVE, v:1, k:fup@sapatos, mode:EDIT
2026-05-05 18:08:04, MOVE, v:1, k:fup@sapatos, mode:EDIT
2026-05-05 18:08:24, MOVE, v:1, k:fup@filhos, mode:EDIT
2026-05-05 18:08:24, MOVE, v:1, k:fup@filhos, mode:EDIT
2026-05-05 18:08:24, MOVE, v:1, k:fup@filhos, mode:EDIT
2026-05-05 18:08:26, MOVE, v:1, k:fup@filhos, mode:EDIT
2026-05-05 18:18:51, EXEC, v:1, k:fup@filhos, mode:FULL, rate:100, size:12
2026-05-05 18:18:53, EXEC, v:1, k:fup@filhos, mode:FULL, rate:100
2026-05-05 18:18:53, EXEC, v:1, k:fup@filhos, mode:FULL, rate:100
2026-05-05 18:19:04, MOVE, v:1, k:fup@filhos, mode:BACK
2026-05-05 18:19:11, MOVE, v:1, k:fup@ceu, mode:DOWN
2026-05-05 18:19:12, MOVE, v:1, k:fup@ceu, mode:PICK
2026-05-05 18:19:13, EXEC, v:1, k:fup@ceu, mode:FULL, rate:0, size:5
2026-05-05 18:18:48, MOVE, v:1, k:fup@filhos, mode:EDIT
2026-05-05 18:18:53, MOVE, v:1, k:fup@filhos, mode:EDIT
2026-05-05 18:19:11, MOVE, v:1, k:fup@ceu, mode:EDIT
2026-05-05 18:19:11, MOVE, v:1, k:fup@ceu, mode:EDIT
2026-05-05 18:19:40, MOVE, v:1, k:fup@ceu, mode:EDIT
2026-05-05 18:19:13, MOVE, v:1, k:fup@ceu, mode:EDIT
2026-05-05 23:33:10, MOVE, v:1, k:fup@ceu, mode:PICK
2026-05-05 23:33:12, EXEC, v:1, k:fup@ceu, mode:FULL, size:5, fail:COMP
2026-05-05 23:33:13, EXEC, v:1, k:fup@ceu, mode:FULL, fail:COMP
2026-05-05 23:33:14, EXEC, v:1, k:fup@ceu, mode:FULL, fail:COMP
2026-05-05 23:33:14, EXEC, v:1, k:fup@ceu, mode:FULL, fail:COMP
2026-05-05 23:38:15, EXEC, v:1, k:fup@ceu, mode:FULL, fail:COMP
2026-05-05 23:38:18, EXEC, v:1, k:fup@ceu, mode:FULL, fail:COMP
2026-05-05 23:38:18, EXEC, v:1, k:fup@ceu, mode:FULL, fail:COMP
2026-05-05 23:38:19, MOVE, v:1, k:fup@ceu, mode:BACK
2026-05-05 23:38:22, MOVE, v:1, k:fup@ceu, mode:PICK
2026-05-05 23:38:23, EXEC, v:1, k:fup@ceu, mode:FULL, fail:COMP
2026-05-05 23:38:30, EXEC, v:1, k:fup@ceu, mode:FULL, fail:COMP
2026-05-05 23:38:31, EXEC, v:1, k:fup@ceu, mode:FULL, fail:COMP
2026-05-05 23:38:31, EXEC, v:1, k:fup@ceu, mode:FULL, fail:COMP
2026-05-05 23:38:31, EXEC, v:1, k:fup@ceu, mode:FULL, fail:COMP
2026-05-05 23:38:32, EXEC, v:1, k:fup@ceu, mode:FULL, fail:COMP
2026-05-05 23:38:32, EXEC, v:1, k:fup@ceu, mode:FULL, fail:COMP
2026-05-05 23:38:32, EXEC, v:1, k:fup@ceu, mode:FULL, fail:COMP
2026-05-05 23:38:32, EXEC, v:1, k:fup@ceu, mode:FULL, fail:COMP
2026-05-05 23:38:32, EXEC, v:1, k:fup@ceu, mode:FULL, fail:COMP
2026-05-05 23:38:33, EXEC, v:1, k:fup@ceu, mode:FULL, fail:COMP
2026-05-05 23:38:33, EXEC, v:1, k:fup@ceu, mode:FULL, fail:COMP
2026-05-05 23:38:33, EXEC, v:1, k:fup@ceu, mode:FULL, fail:COMP
2026-05-05 23:38:33, EXEC, v:1, k:fup@ceu, mode:FULL, fail:COMP
2026-05-05 23:38:33, EXEC, v:1, k:fup@ceu, mode:FULL, fail:COMP
2026-05-05 23:38:33, EXEC, v:1, k:fup@ceu, mode:FULL, fail:COMP
2026-05-05 23:38:34, EXEC, v:1, k:fup@ceu, mode:FULL, fail:COMP
2026-05-05 23:38:34, EXEC, v:1, k:fup@ceu, mode:FULL, fail:COMP
2026-05-05 23:38:34, EXEC, v:1, k:fup@ceu, mode:FULL, fail:COMP
2026-05-05 23:38:34, EXEC, v:1, k:fup@ceu, mode:FULL, fail:COMP
2026-05-05 23:38:34, EXEC, v:1, k:fup@ceu, mode:FULL, fail:COMP
2026-05-05 23:38:35, EXEC, v:1, k:fup@ceu, mode:FULL, fail:COMP
2026-05-05 23:38:35, EXEC, v:1, k:fup@ceu, mode:FULL, fail:COMP
2026-05-05 23:38:35, EXEC, v:1, k:fup@ceu, mode:FULL, fail:COMP
2026-05-05 23:38:35, EXEC, v:1, k:fup@ceu, mode:FULL, fail:COMP
2026-05-05 23:38:35, EXEC, v:1, k:fup@ceu, mode:FULL, fail:COMP
2026-05-05 23:38:36, EXEC, v:1, k:fup@ceu, mode:FULL, fail:COMP
2026-05-05 23:38:36, EXEC, v:1, k:fup@ceu, mode:FULL, fail:COMP
2026-05-05 23:38:36, EXEC, v:1, k:fup@ceu, mode:FULL, fail:COMP
2026-05-05 23:38:36, EXEC, v:1, k:fup@ceu, mode:FULL, fail:COMP
2026-05-05 23:38:36, EXEC, v:1, k:fup@ceu, mode:FULL, fail:COMP
2026-05-05 23:38:36, EXEC, v:1, k:fup@ceu, mode:FULL, fail:COMP
2026-05-05 23:38:37, EXEC, v:1, k:fup@ceu, mode:FULL, fail:COMP
2026-05-05 23:38:37, EXEC, v:1, k:fup@ceu, mode:FULL, fail:COMP
2026-05-05 23:38:37, EXEC, v:1, k:fup@ceu, mode:FULL, fail:COMP
2026-05-05 23:38:37, EXEC, v:1, k:fup@ceu, mode:FULL, fail:COMP
2026-05-05 23:38:37, EXEC, v:1, k:fup@ceu, mode:FULL, fail:COMP
2026-05-05 23:38:37, EXEC, v:1, k:fup@ceu, mode:FULL, fail:COMP
2026-05-05 23:38:38, EXEC, v:1, k:fup@ceu, mode:FULL, fail:COMP
2026-05-05 23:38:38, EXEC, v:1, k:fup@ceu, mode:FULL, fail:COMP
2026-05-05 23:38:38, EXEC, v:1, k:fup@ceu, mode:FULL, fail:COMP
2026-05-05 23:38:38, EXEC, v:1, k:fup@ceu, mode:FULL, fail:COMP
2026-05-05 23:38:38, EXEC, v:1, k:fup@ceu, mode:FULL, fail:COMP
2026-05-05 23:38:39, EXEC, v:1, k:fup@ceu, mode:FULL, fail:COMP
2026-05-05 23:38:39, EXEC, v:1, k:fup@ceu, mode:FULL, fail:COMP
2026-05-05 23:38:39, EXEC, v:1, k:fup@ceu, mode:FULL, fail:COMP
2026-05-05 23:38:39, EXEC, v:1, k:fup@ceu, mode:FULL, fail:COMP
2026-05-05 23:38:39, EXEC, v:1, k:fup@ceu, mode:FULL, fail:COMP
2026-05-05 23:38:39, EXEC, v:1, k:fup@ceu, mode:FULL, fail:COMP
2026-05-05 23:38:39, EXEC, v:1, k:fup@ceu, mode:FULL, fail:COMP
2026-05-05 23:38:39, EXEC, v:1, k:fup@ceu, mode:FULL, fail:COMP
2026-05-05 23:38:39, EXEC, v:1, k:fup@ceu, mode:FULL, fail:COMP
2026-05-05 23:38:40, EXEC, v:1, k:fup@ceu, mode:FULL, fail:COMP
2026-05-05 23:38:40, EXEC, v:1, k:fup@ceu, mode:FULL, fail:COMP
2026-05-05 23:38:40, EXEC, v:1, k:fup@ceu, mode:FULL, fail:COMP
2026-05-05 23:38:40, EXEC, v:1, k:fup@ceu, mode:FULL, fail:COMP
2026-05-05 23:38:40, EXEC, v:1, k:fup@ceu, mode:FULL, fail:COMP
2026-05-05 23:38:40, EXEC, v:1, k:fup@ceu, mode:FULL, fail:COMP
2026-05-05 23:38:40, EXEC, v:1, k:fup@ceu, mode:FULL, fail:COMP
2026-05-05 23:38:40, EXEC, v:1, k:fup@ceu, mode:FULL, fail:COMP
2026-05-05 23:39:19, EXEC, v:1, k:fup@ceu, mode:FULL, fail:COMP
2026-05-05 23:39:19, EXEC, v:1, k:fup@ceu, mode:FULL, fail:COMP
2026-05-05 23:39:20, EXEC, v:1, k:fup@ceu, mode:FULL, fail:COMP
2026-05-05 23:39:20, EXEC, v:1, k:fup@ceu, mode:FULL, fail:COMP
2026-05-05 23:40:39, EXEC, v:1, k:fup@ceu, mode:FULL, fail:COMP
2026-05-05 23:41:18, EXEC, v:1, k:fup@ceu, mode:FULL, fail:COMP
2026-05-05 23:42:49, EXEC, v:1, k:fup@ceu, mode:FULL, fail:COMP
2026-05-05 23:42:49, EXEC, v:1, k:fup@ceu, mode:FULL, fail:COMP
2026-05-05 23:42:50, EXEC, v:1, k:fup@ceu, mode:FULL, fail:COMP
2026-05-05 23:42:50, EXEC, v:1, k:fup@ceu, mode:FULL, fail:COMP
2026-05-05 23:42:50, EXEC, v:1, k:fup@ceu, mode:FULL, fail:COMP
2026-05-05 23:42:50, EXEC, v:1, k:fup@ceu, mode:FULL, fail:COMP
2026-05-05 23:42:51, EXEC, v:1, k:fup@ceu, mode:FULL, fail:COMP
2026-05-05 23:42:51, EXEC, v:1, k:fup@ceu, mode:FULL, fail:COMP
2026-05-05 23:42:51, EXEC, v:1, k:fup@ceu, mode:FULL, fail:COMP
2026-05-05 23:42:51, EXEC, v:1, k:fup@ceu, mode:FULL, fail:COMP
2026-05-05 23:42:51, EXEC, v:1, k:fup@ceu, mode:FULL, fail:COMP
2026-05-05 23:42:52, EXEC, v:1, k:fup@ceu, mode:FULL, fail:COMP
2026-05-05 23:42:52, EXEC, v:1, k:fup@ceu, mode:FULL, fail:COMP
2026-05-05 23:42:52, EXEC, v:1, k:fup@ceu, mode:FULL, fail:COMP
2026-05-05 23:42:52, EXEC, v:1, k:fup@ceu, mode:FULL, fail:COMP
2026-05-05 23:42:52, EXEC, v:1, k:fup@ceu, mode:FULL, fail:COMP
2026-05-05 23:42:53, EXEC, v:1, k:fup@ceu, mode:FULL, fail:COMP
2026-05-05 23:42:53, EXEC, v:1, k:fup@ceu, mode:FULL, fail:COMP
2026-05-05 23:42:53, EXEC, v:1, k:fup@ceu, mode:FULL, fail:COMP
2026-05-05 23:43:29, EXEC, v:1, k:fup@ceu, mode:FULL, fail:COMP
2026-05-05 23:43:30, EXEC, v:1, k:fup@ceu, mode:FULL, fail:COMP
2026-05-05 23:43:30, EXEC, v:1, k:fup@ceu, mode:FULL, fail:COMP
2026-05-05 23:43:30, EXEC, v:1, k:fup@ceu, mode:FULL, fail:COMP
2026-05-05 23:43:30, EXEC, v:1, k:fup@ceu, mode:FULL, fail:COMP
2026-05-05 23:43:30, EXEC, v:1, k:fup@ceu, mode:FULL, fail:COMP
2026-05-05 23:43:31, EXEC, v:1, k:fup@ceu, mode:FULL, fail:COMP
2026-05-05 23:43:31, EXEC, v:1, k:fup@ceu, mode:FULL, fail:COMP
2026-05-05 23:43:31, EXEC, v:1, k:fup@ceu, mode:FULL, fail:COMP
2026-05-05 23:43:31, EXEC, v:1, k:fup@ceu, mode:FULL, fail:COMP
2026-05-05 23:43:31, EXEC, v:1, k:fup@ceu, mode:FULL, fail:COMP
2026-05-05 23:43:31, EXEC, v:1, k:fup@ceu, mode:FULL, fail:COMP
2026-05-05 23:43:32, EXEC, v:1, k:fup@ceu, mode:FULL, fail:COMP
2026-05-05 23:43:32, EXEC, v:1, k:fup@ceu, mode:FULL, fail:COMP
2026-05-05 23:43:32, EXEC, v:1, k:fup@ceu, mode:FULL, fail:COMP
2026-05-05 23:43:32, EXEC, v:1, k:fup@ceu, mode:FULL, fail:COMP
2026-05-05 23:43:32, EXEC, v:1, k:fup@ceu, mode:FULL, fail:COMP
2026-05-05 23:43:33, EXEC, v:1, k:fup@ceu, mode:FULL, fail:COMP
2026-05-05 23:43:33, EXEC, v:1, k:fup@ceu, mode:FULL, fail:COMP
2026-05-05 23:43:33, EXEC, v:1, k:fup@ceu, mode:FULL, fail:COMP
2026-05-05 23:44:14, EXEC, v:1, k:fup@ceu, mode:FULL, fail:COMP
2026-05-05 23:44:44, EXEC, v:1, k:fup@ceu, mode:FULL, fail:COMP
2026-05-05 23:44:44, EXEC, v:1, k:fup@ceu, mode:FULL, fail:COMP
2026-05-05 23:44:45, EXEC, v:1, k:fup@ceu, mode:FULL, fail:COMP
2026-05-05 23:44:45, EXEC, v:1, k:fup@ceu, mode:FULL, fail:COMP
2026-05-05 23:44:46, EXEC, v:1, k:fup@ceu, mode:FULL, fail:COMP
2026-05-05 23:44:46, EXEC, v:1, k:fup@ceu, mode:FULL, fail:COMP
2026-05-05 23:44:46, EXEC, v:1, k:fup@ceu, mode:FULL, fail:COMP
2026-05-05 23:44:46, EXEC, v:1, k:fup@ceu, mode:FULL, fail:COMP
2026-05-05 23:44:46, EXEC, v:1, k:fup@ceu, mode:FULL, fail:COMP
2026-05-05 23:44:46, EXEC, v:1, k:fup@ceu, mode:FULL, fail:COMP
2026-05-05 23:44:46, EXEC, v:1, k:fup@ceu, mode:FULL, fail:COMP
2026-05-05 23:44:46, EXEC, v:1, k:fup@ceu, mode:FULL, fail:COMP
2026-05-05 23:44:47, EXEC, v:1, k:fup@ceu, mode:FULL, fail:COMP
2026-05-05 23:44:47, EXEC, v:1, k:fup@ceu, mode:FULL, fail:COMP
2026-05-05 23:44:47, EXEC, v:1, k:fup@ceu, mode:FULL, fail:COMP
2026-05-05 23:44:47, EXEC, v:1, k:fup@ceu, mode:FULL, fail:COMP
2026-05-05 23:44:47, EXEC, v:1, k:fup@ceu, mode:FULL, fail:COMP
2026-05-05 23:44:47, EXEC, v:1, k:fup@ceu, mode:FULL, fail:COMP
2026-05-05 23:44:47, EXEC, v:1, k:fup@ceu, mode:FULL, fail:COMP
2026-05-05 23:44:47, EXEC, v:1, k:fup@ceu, mode:FULL, fail:COMP
2026-05-05 23:44:47, EXEC, v:1, k:fup@ceu, mode:FULL, fail:COMP
2026-05-05 23:44:48, EXEC, v:1, k:fup@ceu, mode:FULL, fail:COMP
2026-05-05 23:44:48, EXEC, v:1, k:fup@ceu, mode:FULL, fail:COMP
2026-05-05 23:44:48, EXEC, v:1, k:fup@ceu, mode:FULL, fail:COMP
2026-05-05 23:44:48, EXEC, v:1, k:fup@ceu, mode:FULL, fail:COMP
2026-05-05 23:44:48, EXEC, v:1, k:fup@ceu, mode:FULL, fail:COMP
2026-05-05 23:44:48, EXEC, v:1, k:fup@ceu, mode:FULL, fail:COMP
2026-05-05 23:45:07, EXEC, v:1, k:fup@ceu, mode:FULL, fail:COMP
2026-05-05 23:45:07, EXEC, v:1, k:fup@ceu, mode:FULL, fail:COMP
2026-05-05 23:45:08, EXEC, v:1, k:fup@ceu, mode:FULL, fail:COMP
2026-05-05 23:45:08, EXEC, v:1, k:fup@ceu, mode:FULL, fail:COMP
2026-05-05 23:45:08, EXEC, v:1, k:fup@ceu, mode:FULL, fail:COMP
2026-05-05 23:45:08, EXEC, v:1, k:fup@ceu, mode:FULL, fail:COMP
2026-05-05 23:45:09, EXEC, v:1, k:fup@ceu, mode:FULL, fail:COMP
2026-05-05 23:45:09, EXEC, v:1, k:fup@ceu, mode:FULL, fail:COMP
2026-05-05 23:47:45, MOVE, v:1, k:fup@ceu, mode:BACK
2026-05-05 23:48:19, MOVE, v:1, k:fup@ceu, mode:PICK
2026-05-05 23:48:20, EXEC, v:1, k:fup@ceu, mode:FULL, fail:COMP
2026-05-05 23:48:22, EXEC, v:1, k:fup@ceu, mode:FULL, fail:COMP
2026-05-05 23:48:23, EXEC, v:1, k:fup@ceu, mode:FULL, fail:COMP
2026-05-05 23:48:23, EXEC, v:1, k:fup@ceu, mode:FULL, fail:COMP
2026-05-05 23:48:23, EXEC, v:1, k:fup@ceu, mode:FULL, fail:COMP
2026-05-05 23:48:24, EXEC, v:1, k:fup@ceu, mode:FULL, fail:COMP
2026-05-05 23:48:24, EXEC, v:1, k:fup@ceu, mode:FULL, fail:COMP
2026-05-05 23:48:24, EXEC, v:1, k:fup@ceu, mode:FULL, fail:COMP
2026-05-05 23:48:24, EXEC, v:1, k:fup@ceu, mode:FULL, fail:COMP
2026-05-05 23:48:24, EXEC, v:1, k:fup@ceu, mode:FULL, fail:COMP
2026-05-05 23:48:25, EXEC, v:1, k:fup@ceu, mode:FULL, fail:COMP
2026-05-05 23:48:27, MOVE, v:1, k:fup@ceu, mode:BACK
2026-05-05 23:48:31, MOVE, v:1, k:fup@esconde, mode:DOWN
2026-05-05 23:48:31, MOVE, v:1, k:fup@esconde, mode:PICK
2026-05-05 23:48:33, EXEC, v:1, k:fup@esconde, mode:FULL, rate:0, size:5
2026-05-05 23:49:38, EXEC, v:1, k:fup@esconde, mode:FULL, rate:0
2026-05-05 23:49:42, EXEC, v:1, k:fup@esconde, mode:FULL, rate:0
2026-05-05 23:49:42, EXEC, v:1, k:fup@esconde, mode:FULL, rate:0
2026-05-05 23:49:43, EXEC, v:1, k:fup@esconde, mode:FULL, rate:0
2026-05-05 23:49:43, EXEC, v:1, k:fup@esconde, mode:FULL, rate:0
2026-05-05 23:49:43, EXEC, v:1, k:fup@esconde, mode:FULL, rate:0
2026-05-05 23:49:43, EXEC, v:1, k:fup@esconde, mode:FULL, rate:0
2026-05-05 23:49:47, MOVE, v:1, k:fup@esconde, mode:BACK
