2026-04-14 16:26:36, MOVE, v:1, k:eval1@monica, mode:PICK
2026-04-14 16:26:39, EXEC, v:1, k:eval1@monica, mode:FULL, rate:0
2026-04-14 16:27:29, EXEC, v:1, k:eval1@monica, mode:FULL, rate:0
2026-04-14 16:27:29, MOVE, v:1, k:eval1@monica, mode:EDIT
2026-04-14 16:35:44, EXEC, v:1, k:eval1@monica, mode:FULL, rate:0
2026-04-14 16:35:45, EXEC, v:1, k:eval1@monica, mode:FULL, rate:0
2026-04-14 16:35:45, EXEC, v:1, k:eval1@monica, mode:FULL, rate:0
2026-04-14 16:35:46, EXEC, v:1, k:eval1@monica, mode:FULL, rate:0
2026-04-14 16:35:47, EXEC, v:1, k:eval1@monica, mode:FULL, rate:0
2026-04-14 16:35:47, EXEC, v:1, k:eval1@monica, mode:FULL, rate:0
2026-04-14 16:35:48, EXEC, v:1, k:eval1@monica, mode:FULL, rate:0
2026-04-14 16:35:48, EXEC, v:1, k:eval1@monica, mode:FULL, rate:0
2026-04-14 16:35:49, EXEC, v:1, k:eval1@monica, mode:FULL, rate:0
2026-04-14 16:35:50, EXEC, v:1, k:eval1@monica, mode:FULL, rate:0
2026-04-14 16:35:50, EXEC, v:1, k:eval1@monica, mode:FULL, rate:0
2026-04-14 16:35:51, EXEC, v:1, k:eval1@monica, mode:FULL, rate:0
2026-04-14 16:35:51, EXEC, v:1, k:eval1@monica, mode:FULL, rate:0
2026-04-14 16:35:52, EXEC, v:1, k:eval1@monica, mode:FULL, rate:0
2026-04-14 16:35:53, EXEC, v:1, k:eval1@monica, mode:FULL, rate:0
2026-04-14 16:35:53, EXEC, v:1, k:eval1@monica, mode:FULL, rate:0
2026-04-14 16:35:54, EXEC, v:1, k:eval1@monica, mode:FULL, rate:0
2026-04-14 16:35:54, EXEC, v:1, k:eval1@monica, mode:FULL, rate:0
2026-04-14 16:35:57, EXEC, v:1, k:eval1@monica, mode:FULL, rate:0
2026-04-14 16:35:58, EXEC, v:1, k:eval1@monica, mode:FULL, rate:0
2026-04-14 16:32:59, MOVE, v:1, k:eval1@mumia, mode:EDIT
2026-04-14 16:35:58, MOVE, v:1, k:eval1@monica, mode:EDIT
2026-04-14 16:37:45, EXEC, v:1, k:eval1@monica, mode:FULL, rate:0
2026-04-14 16:37:45, MOVE, v:1, k:eval1@monica, mode:BACK
2026-04-14 16:38:26, MOVE, v:1, k:fup@loop_iv, mode:PICK
2026-04-14 16:38:27, EXEC, v:1, k:fup@loop_iv, mode:FULL, size:15, fail:COMP
2026-04-14 16:38:29, EXEC, v:1, k:fup@loop_iv, mode:FULL, fail:COMP
2026-04-14 16:40:10, EXEC, v:1, k:fup@loop_iv, mode:FULL, rate:100, size:20
2026-04-14 16:40:10, EXEC, v:1, k:fup@loop_iv, mode:FULL, rate:100, size:20
2026-04-14 16:40:11, EXEC, v:1, k:fup@loop_iv, mode:FULL, rate:100, size:19
2026-04-14 16:40:27, MOVE, v:1, k:fup@loop_iv, mode:BACK
2026-04-14 16:42:15, MOVE, v:1, k:fup@vet_i, mode:DOWN
2026-04-14 16:42:16, MOVE, v:1, k:fup@vet_i, mode:PICK
2026-04-14 16:42:17, EXEC, v:1, k:fup@vet_i, mode:FULL, rate:0, size:5
2026-04-14 16:42:15, MOVE, v:1, k:fup@vet_i, mode:EDIT
2026-04-14 16:42:15, MOVE, v:1, k:fup@vet_i, mode:EDIT
2026-04-14 16:42:15, MOVE, v:1, k:fup@vet_i, mode:EDIT
2026-04-14 16:42:17, MOVE, v:1, k:fup@vet_i, mode:EDIT
2026-04-14 16:50:24, MOVE, v:1, k:fup@vet_i, mode:EDIT
2026-04-14 16:53:42, EXEC, v:1, k:fup@vet_i, mode:FULL, rate:0, size:8
2026-04-14 16:53:44, EXEC, v:1, k:fup@vet_i, mode:FULL, rate:0
2026-04-14 16:54:00, EXEC, v:1, k:fup@vet_i, mode:FULL, size:7, fail:COMP
2026-04-14 16:54:01, EXEC, v:1, k:fup@vet_i, mode:FULL, rate:0, size:6
2026-04-14 16:54:02, EXEC, v:1, k:fup@vet_i, mode:FULL, rate:0
2026-04-14 16:54:22, EXEC, v:1, k:fup@vet_i, mode:FULL, rate:0, size:7
2026-04-14 16:54:44, EXEC, v:1, k:fup@vet_i, mode:FULL, size:7, fail:COMP
2026-04-14 16:54:50, EXEC, v:1, k:fup@vet_i, mode:FULL, rate:0, size:7
2026-04-14 16:54:49, MOVE, v:1, k:fup@vet_i, mode:EDIT
2026-04-14 16:54:50, MOVE, v:1, k:fup@vet_i, mode:EDIT
2026-04-14 17:02:27, EXEC, v:1, k:fup@vet_i, mode:FULL, size:8, fail:COMP
2026-04-14 17:02:28, EXEC, v:1, k:fup@vet_i, mode:FULL, fail:COMP
2026-04-14 17:03:30, EXEC, v:1, k:fup@vet_i, mode:FULL, size:8, fail:COMP
2026-04-14 17:05:25, EXEC, v:1, k:fup@vet_i, mode:FULL, rate:0, size:13
2026-04-14 17:05:26, EXEC, v:1, k:fup@vet_i, mode:FULL, rate:0
2026-04-14 17:05:36, MOVE, v:1, k:fup@vet_i, mode:EDIT
2026-04-14 17:05:26, MOVE, v:1, k:fup@vet_i, mode:EDIT
2026-04-14 17:05:36, EXEC, v:1, k:fup@vet_i, mode:FULL, size:8, fail:COMP
2026-04-14 17:05:48, MOVE, v:1, k:fup@vet_i, mode:PICK
2026-04-14 17:05:49, EXEC, v:1, k:fup@vet_i, mode:FULL, rate:0, size:13
2026-04-14 17:06:15, MOVE, v:1, k:fup@vet_i, mode:PICK
2026-04-14 17:06:16, EXEC, v:1, k:fup@vet_i, mode:FULL, rate:0
2026-04-14 17:06:43, EXEC, v:1, k:fup@vet_i, mode:FULL, rate:0, size:13
2026-04-14 17:06:44, EXEC, v:1, k:fup@vet_i, mode:FULL, rate:0
2026-04-14 17:06:44, MOVE, v:1, k:fup@vet_i, mode:EDIT
2026-04-14 17:07:41, MOVE, v:1, k:fup@vet_i, mode:EDIT
2026-04-14 17:11:51, EXEC, v:1, k:fup@vet_i, mode:FULL, rate:75, size:13
2026-04-14 17:11:52, EXEC, v:1, k:fup@vet_i, mode:FULL, rate:75
2026-04-14 17:11:53, EXEC, v:1, k:fup@vet_i, mode:FULL, rate:75
2026-04-14 17:11:54, EXEC, v:1, k:fup@vet_i, mode:FULL, rate:75
2026-04-14 17:11:54, EXEC, v:1, k:fup@vet_i, mode:FULL, rate:75
2026-04-14 17:12:50, EXEC, v:1, k:fup@vet_i, mode:FULL, rate:75, size:13
2026-04-14 17:12:51, EXEC, v:1, k:fup@vet_i, mode:FULL, rate:75
2026-04-14 17:12:51, EXEC, v:1, k:fup@vet_i, mode:FULL, rate:75
2026-04-14 17:13:34, EXEC, v:1, k:fup@vet_i, mode:FULL, rate:75, size:13
2026-04-14 17:13:35, EXEC, v:1, k:fup@vet_i, mode:FULL, rate:75
2026-04-14 17:13:35, EXEC, v:1, k:fup@vet_i, mode:FULL, rate:75
2026-04-14 17:13:35, EXEC, v:1, k:fup@vet_i, mode:FULL, rate:75
2026-04-14 17:13:36, EXEC, v:1, k:fup@vet_i, mode:FULL, rate:75
2026-04-14 17:13:36, EXEC, v:1, k:fup@vet_i, mode:FULL, rate:75
2026-04-14 17:13:37, EXEC, v:1, k:fup@vet_i, mode:FULL, rate:75
2026-04-14 17:13:37, EXEC, v:1, k:fup@vet_i, mode:FULL, rate:75
2026-04-14 17:13:37, EXEC, v:1, k:fup@vet_i, mode:FULL, rate:75
2026-04-14 17:13:38, EXEC, v:1, k:fup@vet_i, mode:FULL, rate:75
2026-04-14 17:13:38, EXEC, v:1, k:fup@vet_i, mode:FULL, rate:75
2026-04-14 17:14:21, EXEC, v:1, k:fup@vet_i, mode:FULL, rate:75, size:13
2026-04-14 17:14:22, EXEC, v:1, k:fup@vet_i, mode:FULL, rate:75
2026-04-14 17:14:23, EXEC, v:1, k:fup@vet_i, mode:FULL, rate:75
2026-04-14 17:14:23, EXEC, v:1, k:fup@vet_i, mode:FULL, rate:75
2026-04-14 17:14:23, EXEC, v:1, k:fup@vet_i, mode:FULL, rate:75
2026-04-14 17:14:31, EXEC, v:1, k:fup@vet_i, mode:FULL, rate:0, size:10
2026-04-14 17:14:32, EXEC, v:1, k:fup@vet_i, mode:FULL, rate:0
2026-04-14 17:14:33, EXEC, v:1, k:fup@vet_i, mode:FULL, rate:0
2026-04-14 17:14:33, EXEC, v:1, k:fup@vet_i, mode:FULL, rate:0
2026-04-14 17:14:34, EXEC, v:1, k:fup@vet_i, mode:FULL, rate:0
2026-04-14 17:14:34, EXEC, v:1, k:fup@vet_i, mode:FULL, rate:0
2026-04-14 17:15:59, EXEC, v:1, k:fup@vet_i, mode:FULL, rate:75, size:13
2026-04-14 17:15:59, MOVE, v:1, k:fup@vet_i, mode:EDIT
2026-04-14 17:14:41, MOVE, v:1, k:fup@vet_i, mode:EDIT
2026-04-14 17:16:20, EXEC, v:1, k:fup@vet_i, mode:FULL, rate:75
2026-04-14 17:16:21, EXEC, v:1, k:fup@vet_i, mode:FULL, rate:0, size:11
2026-04-14 17:16:21, MOVE, v:1, k:fup@vet_i, mode:EDIT
2026-04-14 17:17:25, MOVE, v:1, k:fup@vet_i, mode:EDIT
2026-04-14 17:29:31, MOVE, v:1, k:fup@vet_i, mode:EDIT
2026-04-14 17:33:06, MOVE, v:1, k:fup@vet_i, mode:EDIT
2026-04-14 17:51:32, EXEC, v:1, k:fup@vet_i, mode:FULL, rate:75, size:15
2026-04-14 17:51:34, EXEC, v:1, k:fup@vet_i, mode:FULL, rate:75
2026-04-14 17:51:34, EXEC, v:1, k:fup@vet_i, mode:FULL, rate:75
2026-04-14 17:51:35, EXEC, v:1, k:fup@vet_i, mode:FULL, rate:75
2026-04-14 17:51:35, EXEC, v:1, k:fup@vet_i, mode:FULL, rate:75
2026-04-14 17:51:35, EXEC, v:1, k:fup@vet_i, mode:FULL, rate:75
2026-04-14 17:51:36, EXEC, v:1, k:fup@vet_i, mode:FULL, rate:75
2026-04-14 17:51:36, EXEC, v:1, k:fup@vet_i, mode:FULL, rate:75
2026-04-14 17:52:11, EXEC, v:1, k:fup@vet_i, mode:FULL, rate:75, size:13
2026-04-14 17:52:12, EXEC, v:1, k:fup@vet_i, mode:FULL, rate:75
2026-04-14 17:52:12, EXEC, v:1, k:fup@vet_i, mode:FULL, rate:75
2026-04-14 17:52:13, EXEC, v:1, k:fup@vet_i, mode:FULL, rate:75
2026-04-14 17:52:13, EXEC, v:1, k:fup@vet_i, mode:FULL, rate:75
2026-04-14 17:52:13, EXEC, v:1, k:fup@vet_i, mode:FULL, rate:75
2026-04-14 17:52:14, EXEC, v:1, k:fup@vet_i, mode:FULL, rate:75
2026-04-14 17:52:14, EXEC, v:1, k:fup@vet_i, mode:FULL, rate:75
2026-04-14 17:52:15, EXEC, v:1, k:fup@vet_i, mode:FULL, rate:75
2026-04-14 17:52:15, EXEC, v:1, k:fup@vet_i, mode:FULL, rate:75
2026-04-14 17:52:16, EXEC, v:1, k:fup@vet_i, mode:FULL, rate:75
2026-04-14 17:52:16, EXEC, v:1, k:fup@vet_i, mode:FULL, rate:75
2026-04-14 17:52:17, EXEC, v:1, k:fup@vet_i, mode:FULL, rate:75
2026-04-14 17:52:19, EXEC, v:1, k:fup@vet_i, mode:FULL, rate:75
2026-04-14 17:52:22, EXEC, v:1, k:fup@vet_i, mode:FULL, rate:75
2026-04-14 17:52:23, EXEC, v:1, k:fup@vet_i, mode:FULL, rate:75
2026-04-14 17:53:33, EXEC, v:1, k:fup@vet_i, mode:FULL, rate:75, size:13
2026-04-14 17:53:34, EXEC, v:1, k:fup@vet_i, mode:FULL, rate:75
2026-04-14 17:53:35, EXEC, v:1, k:fup@vet_i, mode:FULL, rate:75
2026-04-14 17:54:03, MOVE, v:1, k:fup@vet_i, mode:PICK
2026-04-14 17:54:04, EXEC, v:1, k:fup@vet_i, mode:FULL, rate:0, size:13
2026-04-14 17:54:26, EXEC, v:1, k:fup@vet_i, mode:FULL, rate:75, size:13
2026-04-14 17:54:27, EXEC, v:1, k:fup@vet_i, mode:FULL, rate:75
2026-04-14 17:56:15, EXEC, v:1, k:fup@vet_i, mode:FULL, size:12, fail:COMP
2026-04-14 17:56:16, EXEC, v:1, k:fup@vet_i, mode:FULL, fail:COMP
2026-04-14 17:56:16, EXEC, v:1, k:fup@vet_i, mode:FULL, fail:COMP
2026-04-14 17:56:17, EXEC, v:1, k:fup@vet_i, mode:FULL, fail:COMP
2026-04-14 17:57:44, EXEC, v:1, k:fup@vet_i, mode:FULL, rate:75, size:13
2026-04-14 17:57:45, EXEC, v:1, k:fup@vet_i, mode:FULL, rate:75
2026-04-14 17:58:34, EXEC, v:1, k:fup@vet_i, mode:FULL, rate:100, size:16
2026-04-14 17:58:52, MOVE, v:1, k:fup@vet_i, mode:BACK
2026-04-14 17:58:58, MOVE, v:1, k:fup@vet_i, mode:PICK
2026-04-14 17:58:59, MOVE, v:1, k:fup@vet_i, mode:BACK
2026-04-14 17:58:34, MOVE, v:1, k:fup@vet_i, mode:EDIT
2026-04-14 17:58:33, MOVE, v:1, k:fup@vet_i, mode:EDIT
2026-04-14 17:59:07, SELF, v:1, k:fup@vet_i, self:1, rate:100, friend:Mario
2026-04-14 17:59:08, MOVE, v:1, k:fup@vet_i, mode:PICK
2026-04-14 17:59:08, EXEC, v:1, k:fup@vet_i, mode:FULL, rate:100
2026-04-14 17:59:10, MOVE, v:1, k:fup@vet_i, mode:BACK
2026-04-14 18:01:57, MOVE, v:1, k:fup@vet_ii, mode:DOWN
2026-04-14 17:59:08, MOVE, v:1, k:fup@vet_i, mode:EDIT
2026-04-14 18:01:57, MOVE, v:1, k:fup@vet_ii, mode:EDIT
2026-04-14 18:01:57, MOVE, v:1, k:fup@vet_ii, mode:EDIT
2026-04-14 18:01:57, MOVE, v:1, k:fup@vet_ii, mode:EDIT
